Traceback (most recent call last):
  File "/home/s17gmikh/FCD-Detection/meld_graph/scripts/new_patient_pipeline/run_script_segmentation.py", line 442, in <module>
    run_script_segmentation(
  File "/home/s17gmikh/FCD-Detection/meld_graph/scripts/new_patient_pipeline/run_script_segmentation.py", line 377, in run_script_segmentation
    result = run_subject_segmentation(subject_id,  harmo_code = harmo_code, use_fastsurfer = use_fastsurfer, verbose=verbose)
  File "/home/s17gmikh/FCD-Detection/meld_graph/scripts/new_patient_pipeline/run_script_segmentation.py", line 349, in run_subject_segmentation
    result = extract_features(subject_id, fs_folder=fs_folder, output_dir=output_dir, verbose=verbose)
  File "/home/s17gmikh/FCD-Detection/meld_graph/scripts/new_patient_pipeline/run_script_segmentation.py", line 223, in extract_features
    result = create_training_data_hdf5(subject_id, fs_folder, output_dir  )
  File "/home/s17gmikh/FCD-Detection/meld_graph/scripts/data_preparation/extract_features/create_training_data_hdf5.py", line 21, in create_training_data_hdf5
    cortex_label=nb.freesurfer.io.read_label(os.path.join(subject_dir,'fsaverage_sym/label/lh.cortex.label'))
  File "/home/s17gmikh/miniconda3/envs/FCD/lib/python3.9/site-packages/nibabel/freesurfer/io.py", line 587, in read_label
    label_array = np.loadtxt(filepath, dtype=int, skiprows=2, usecols=[0])
  File "/home/s17gmikh/miniconda3/envs/FCD/lib/python3.9/site-packages/numpy/lib/npyio.py", line 1373, in loadtxt
    multi-format string, e.g. 'Iteration %d -- %10.5f', in which
  File "/home/s17gmikh/miniconda3/envs/FCD/lib/python3.9/site-packages/numpy/lib/npyio.py", line 992, in _read
    if comments is not None:
  File "/home/s17gmikh/miniconda3/envs/FCD/lib/python3.9/site-packages/numpy/lib/_datasource.py", line 192, in open
    ds = DataSource(destpath)
  File "/home/s17gmikh/miniconda3/envs/FCD/lib/python3.9/site-packages/numpy/lib/_datasource.py", line 249, in __init__
    self._destpath = os.path.abspath(destpath)
  File "/home/s17gmikh/miniconda3/envs/FCD/lib/python3.9/posixpath.py", line 380, in abspath
    cwd = os.getcwd()
FileNotFoundError: [Errno 2] No such file or directory
